logs/exp0_baseline.txt
val_bpb:enabled tokenizer_kind=sentencepiece tokenizer_path=./data/tokenizers/fineweb_1024_bpe.model
train_loader:dataset:fineweb10B_sp1024 train_shards:10
val_loader:shards pattern=./data/datasets/fineweb10B_sp1024/fineweb_val_*.bin tokens:62021632
model_params:17059912
world_size:1 grad_accum_steps:8
sdp_backends:cudnn=False flash=True mem_efficient=False math=False
attention_mode:gqa num_heads:8 num_kv_heads:4
tie_embeddings:True embed_lr:0.05 head_lr:0.0 matrix_lr:0.04 scalar_lr:0.04
train_batch_tokens:524288 train_seq_len:1024 iterations:2000 warmup_steps:20 max_wallclock_seconds:0.000
seed:1337
warmup_step:1/20
warmup_step:2/20
warmup_step:3/20
warmup_step:4/20
warmup_step:5/20
warmup_step:6/20
warmup_step:7/20
warmup_step:8/20
warmup_step:9/20
warmup_step:10/20
warmup_step:11/20
warmup_step:12/20
warmup_step:13/20
warmup_step:14/20
warmup_step:15/20
warmup_step:16/20
warmup_step:17/20
warmup_step:18/20
warmup_step:19/20
warmup_step:20/20
step:0/2000 val_loss:6.9357 val_bpb:4.1077 train_time:0ms step_avg:0.02ms
step:1/2000 train_loss:6.9357 train_time:955ms step_avg:954.62ms
step:2/2000 train_loss:16.7500 train_time:1921ms step_avg:960.43ms
step:3/2000 train_loss:8.7596 train_time:2889ms step_avg:963.14ms
step:4/2000 train_loss:6.5890 train_time:3860ms step_avg:965.02ms
step:5/2000 train_loss:6.6526 train_time:4829ms step_avg:965.73ms
step:6/2000 train_loss:6.6976 train_time:5795ms step_avg:965.80ms
step:7/2000 train_loss:6.3312 train_time:6761ms step_avg:965.86ms
step:8/2000 train_loss:6.1812 train_time:7731ms step_avg:966.40ms
step:9/2000 train_loss:6.0834 train_time:8698ms step_avg:966.43ms
step:10/2000 train_loss:5.9943 train_time:9666ms step_avg:966.61ms
step:100/2000 train_loss:3.3408 train_time:97275ms step_avg:972.75ms
step:200/2000 train_loss:2.7899 train_time:194752ms step_avg:973.76ms
step:300/2000 train_loss:2.6258 train_time:292188ms step_avg:973.96ms
step:400/2000 train_loss:2.3943 train_time:389449ms step_avg:973.62ms
step:500/2000 train_loss:2.5059 train_time:486641ms step_avg:973.28ms
step:500/2000 val_loss:2.4996 val_bpb:1.4804 train_time:486642ms step_avg:973.28ms
step:600/2000 train_loss:2.4995 train_time:583911ms step_avg:973.19ms
step:700/2000 train_loss:2.4571 train_time:681043ms step_avg:972.92ms
step:800/2000 train_loss:2.3491 train_time:778172ms step_avg:972.72ms
step:900/2000 train_loss:2.3666 train_time:875209ms step_avg:972.45ms
step:1000/2000 train_loss:2.3528 train_time:972108ms step_avg:972.11ms
step:1000/2000 val_loss:2.3236 val_bpb:1.3762 train_time:972108ms step_avg:972.11ms
step:1100/2000 train_loss:2.2685 train_time:1069040ms step_avg:971.85ms
step:1200/2000 train_loss:2.2744 train_time:1165926ms step_avg:971.60ms
step:1300/2000 train_loss:2.2868 train_time:1262799ms step_avg:971.38ms
step:1400/2000 train_loss:2.2979 train_time:1359930ms step_avg:971.38ms
step:1500/2000 train_loss:2.2567 train_time:1456989ms step_avg:971.33ms
step:1500/2000 val_loss:2.2389 val_bpb:1.3260 train_time:1456989ms step_avg:971.33ms
step:1600/2000 train_loss:2.1860 train_time:1554098ms step_avg:971.31ms
step:1700/2000 train_loss:2.2275 train_time:1651138ms step_avg:971.26ms
step:1800/2000 train_loss:2.2238 train_time:1748192ms step_avg:971.22ms
step:1900/2000 train_loss:2.1681 train_time:1845228ms step_avg:971.17ms
step:2000/2000 train_loss:2.2401 train_time:1942237ms step_avg:971.12ms
step:2000/2000 val_loss:2.1887 val_bpb:1.2962 train_time:1942237ms step_avg:971.12ms
peak memory allocated: 10699 MiB reserved: 10764 MiB
Serialized model: 67217535 bytes
Code size: 52677 bytes
Total submission size: 67270212 bytes
Serialized model int8+zlib: 14954797 bytes (payload:17178912 raw_torch:17216841 payload_ratio:3.91x)
Total submission size int8+zlib: 15007474 bytes
final_int8_zlib_roundtrip val_loss:2.1910 val_bpb:1.2976 eval_time:33659ms
final_int8_zlib_roundtrip_exact val_loss:2.19099762 val_bpb:1.29763220
