=== Fri Mar 20 22:04:32 UTC 2026 ===
Done: 4 | Failed: 0
[22:03:58] STARTING experiment 5: p2_h1_leaky05_constgrad (500 steps)
warmup_step:12/20
|    0   N/A  N/A           50983      C   python3                               11270MiB |

=== Fri Mar 20 22:34:32 UTC 2026 ===
Done: 4 | Failed: 0
[22:03:58] STARTING experiment 5: p2_h1_leaky05_constgrad (500 steps)
step:400/500 train_loss:2.5795 train_time:951485ms step_avg:2378.71ms
|    0   N/A  N/A           50983      C   python3                               11270MiB |

=== Fri Mar 20 23:04:32 UTC 2026 ===
Done: 5 | Failed: 0
[22:45:02] STARTING experiment 6: p2_h1_abs2_constgrad (500 steps)
step:250/500 train_loss:3.0080 train_time:573622ms step_avg:2294.49ms
|    0   N/A  N/A           53472      C   python3                               11270MiB |

=== Fri Mar 20 23:34:32 UTC 2026 ===
Done: 6 | Failed: 0
[23:23:32] STARTING experiment 7: p2_h1_gradfloor (500 steps)
step:120/500 train_loss:3.2511 train_time:297806ms step_avg:2481.72ms
|    0   N/A  N/A           55662      C   python3                               12998MiB |

=== Sat Mar 21 00:04:32 UTC 2026 ===
Done: 6 | Failed: 0
[23:23:32] STARTING experiment 7: p2_h1_gradfloor (500 steps)
Total submission size int8+zlib: 11497856 bytes
|    0   N/A  N/A           55662      C   python3                               12998MiB |

